<?xml version="1.0" encoding="UTF-8"?>
<!-- Generated by org.testng.reporters.JUnitReportReporter -->
<testsuite hostname="BTMVNWKS000080" name="com.teraweb.qa.testcases.TestExample" tests="2" failures="0" timestamp="20 Jul 2018 04:04:32 GMT" time="0.032" errors="0">
  <testcase name="testB" time="0.002" classname="com.teraweb.qa.testcases.TestExample"/>
  <testcase name="testA" time="0.030" classname="com.teraweb.qa.testcases.TestExample"/>
</testsuite> <!-- com.teraweb.qa.testcases.TestExample -->
